<?xml version="1.0" encoding="UTF-8"?>
<!-- Generated by org.testng.reporters.JUnitReportReporter -->
<testsuite skipped="0" hostname="DR-INDHYD-101" name="com.testscript.JqueryTestScript" tests="1" failures="0" timestamp="26 Nov 2019 07:29:19 GMT" time="5.631" errors="0">
  <testcase name="jqueryscript" time="5.631" classname="com.testscript.JqueryTestScript"/>
</testsuite> <!-- com.testscript.JqueryTestScript -->
